12/09/2014 21:19:54 [VixenApplication.Program] An application error occurred. Please contact the Vixen Dev Team with the following information:

 System.ArgumentException: Parameter is not valid.
   at System.Drawing.Bitmap..ctor(Int32 width, Int32 height, PixelFormat format)
   at VixenModules.Preview.VixenPreview.GDIControl.CreateAlphaBackground()
   at VixenModules.Preview.VixenPreview.GDIControl.set_BackgroundAlpha(Int32 value)
   at VixenModules.Preview.VixenPreview.GDIPreviewForm.Reload()
   at VixenModules.Preview.VixenPreview.GDIPreviewForm.Setup()
   at VixenModules.Preview.VixenPreview.VixenPreviewModuleInstance.Setup()
   at Vixen.Sys.Output.OutputModuleConsumer`1.Setup()
   at VixenApplication.ConfigPreviews.ConfigureSelectedController()
   at VixenApplication.ConfigPreviews.buttonConfigureController_Click(Object sender, EventArgs e)
   at System.Windows.Forms.Control.OnClick(EventArgs e)
   at System.Windows.Forms.Button.OnClick(EventArgs e)
   at System.Windows.Forms.Button.OnMouseUp(MouseEventArgs mevent)
   at System.Windows.Forms.Control.WmMouseUp(Message& m, MouseButtons button, Int32 clicks)
   at System.Windows.Forms.Control.WndProc(Message& m)
   at System.Windows.Forms.ButtonBase.WndProc(Message& m)
   at System.Windows.Forms.Button.WndProc(Message& m)
   at System.Windows.Forms.Control.ControlNativeWindow.OnMessage(Message& m)
   at System.Windows.Forms.Control.ControlNativeWindow.WndProc(Message& m)
   at System.Windows.Forms.NativeWindow.Callback(IntPtr hWnd, Int32 msg, IntPtr wparam, IntPtr lparam)    at System.Drawing.Bitmap..ctor(Int32 width, Int32 height, PixelFormat format)
   at VixenModules.Preview.VixenPreview.GDIControl.CreateAlphaBackground()
   at VixenModules.Preview.VixenPreview.GDIControl.set_BackgroundAlpha(Int32 value)
   at VixenModules.Preview.VixenPreview.GDIPreviewForm.Reload()
   at VixenModules.Preview.VixenPreview.GDIPreviewForm.Setup()
   at VixenModules.Preview.VixenPreview.VixenPreviewModuleInstance.Setup()
   at Vixen.Sys.Output.OutputModuleConsumer`1.Setup()
   at VixenApplication.ConfigPreviews.ConfigureSelectedController()
   at VixenApplication.ConfigPreviews.buttonConfigureController_Click(Object sender, EventArgs e)
   at System.Windows.Forms.Control.OnClick(EventArgs e)
   at System.Windows.Forms.Button.OnClick(EventArgs e)
   at System.Windows.Forms.Button.OnMouseUp(MouseEventArgs mevent)
   at System.Windows.Forms.Control.WmMouseUp(Message& m, MouseButtons button, Int32 clicks)
   at System.Windows.Forms.Control.WndProc(Message& m)
   at System.Windows.Forms.ButtonBase.WndProc(Message& m)
   at System.Windows.Forms.Button.WndProc(Message& m)
   at System.Windows.Forms.Control.ControlNativeWindow.OnMessage(Message& m)
   at System.Windows.Forms.Control.ControlNativeWindow.WndProc(Message& m)
   at System.Windows.Forms.NativeWindow.Callback(IntPtr hWnd, Int32 msg, IntPtr wparam, IntPtr lparam)
12/10/2014 11:49:31 [VixenApplication.Program] An application error occurred. Please contact the Vixen Dev Team with the following information:

 System.ArgumentNullException: Value cannot be null.
   at System.Threading.Monitor.ReliableEnter(Object obj, Boolean& lockTaken)
   at BaseSequence.SequenceExecutor._loopPlay()
   at BaseSequence.SequenceExecutor.<_CheckForNaturalEnd>b__5(Object x)    at System.Threading.Monitor.ReliableEnter(Object obj, Boolean& lockTaken)
   at BaseSequence.SequenceExecutor._loopPlay()
   at BaseSequence.SequenceExecutor.<_CheckForNaturalEnd>b__5(Object x)
12/10/2014 14:28:44 [VixenApplication.Program] An application error occurred. Please contact the Vixen Dev Team with the following information:

 System.NullReferenceException: Object reference not set to an instance of an object.
   at Vixen.Sys.Managers.ContextManager.ReleaseContext(IContext context)
   at VixenModules.Editor.TimedSequenceEditor.TimedSequenceEditorForm.OnFormClosed(FormClosedEventArgs e)
   at System.Windows.Forms.Form.RaiseFormClosedOnAppExit()
   at System.Windows.Forms.Application.ExitInternal()
   at System.Windows.Forms.Application.Exit(CancelEventArgs e)
   at VixenApplication.VixenApplication.VixenApp_FormClosing(Object sender, FormClosingEventArgs e)
   at System.Windows.Forms.Form.OnFormClosing(FormClosingEventArgs e)
   at System.Windows.Forms.Form.WmClose(Message& m)
   at System.Windows.Forms.Form.WndProc(Message& m)
   at System.Windows.Forms.Control.ControlNativeWindow.OnMessage(Message& m)
   at System.Windows.Forms.Control.ControlNativeWindow.WndProc(Message& m)
   at System.Windows.Forms.NativeWindow.Callback(IntPtr hWnd, Int32 msg, IntPtr wparam, IntPtr lparam)    at Vixen.Sys.Managers.ContextManager.ReleaseContext(IContext context)
   at VixenModules.Editor.TimedSequenceEditor.TimedSequenceEditorForm.OnFormClosed(FormClosedEventArgs e)
   at System.Windows.Forms.Form.RaiseFormClosedOnAppExit()
   at System.Windows.Forms.Application.ExitInternal()
   at System.Windows.Forms.Application.Exit(CancelEventArgs e)
   at VixenApplication.VixenApplication.VixenApp_FormClosing(Object sender, FormClosingEventArgs e)
   at System.Windows.Forms.Form.OnFormClosing(FormClosingEventArgs e)
   at System.Windows.Forms.Form.WmClose(Message& m)
   at System.Windows.Forms.Form.WndProc(Message& m)
   at System.Windows.Forms.Control.ControlNativeWindow.OnMessage(Message& m)
   at System.Windows.Forms.Control.ControlNativeWindow.WndProc(Message& m)
   at System.Windows.Forms.NativeWindow.Callback(IntPtr hWnd, Int32 msg, IntPtr wparam, IntPtr lparam)
12/10/2014 16:46:12 [VixenApplication.Program] An application error occurred. Please contact the Vixen Dev Team with the following information:

 System.ArgumentException: Parameter is not valid.
   at System.Drawing.Bitmap..ctor(Int32 width, Int32 height, PixelFormat format)
   at VixenModules.Preview.VixenPreview.GDIControl.CreateAlphaBackground()
   at VixenModules.Preview.VixenPreview.GDIControl.set_BackgroundAlpha(Int32 value)
   at VixenModules.Preview.VixenPreview.GDIPreviewForm.Reload()
   at VixenModules.Preview.VixenPreview.GDIPreviewForm.Setup()
   at VixenModules.Preview.VixenPreview.VixenPreviewModuleInstance.Setup()
   at Vixen.Sys.Output.OutputModuleConsumer`1.Setup()
   at VixenApplication.ConfigPreviews.ConfigureSelectedController()
   at VixenApplication.ConfigPreviews.buttonConfigureController_Click(Object sender, EventArgs e)
   at System.Windows.Forms.Control.OnClick(EventArgs e)
   at System.Windows.Forms.Button.OnClick(EventArgs e)
   at System.Windows.Forms.Button.OnMouseUp(MouseEventArgs mevent)
   at System.Windows.Forms.Control.WmMouseUp(Message& m, MouseButtons button, Int32 clicks)
   at System.Windows.Forms.Control.WndProc(Message& m)
   at System.Windows.Forms.ButtonBase.WndProc(Message& m)
   at System.Windows.Forms.Button.WndProc(Message& m)
   at System.Windows.Forms.Control.ControlNativeWindow.OnMessage(Message& m)
   at System.Windows.Forms.Control.ControlNativeWindow.WndProc(Message& m)
   at System.Windows.Forms.NativeWindow.Callback(IntPtr hWnd, Int32 msg, IntPtr wparam, IntPtr lparam)    at System.Drawing.Bitmap..ctor(Int32 width, Int32 height, PixelFormat format)
   at VixenModules.Preview.VixenPreview.GDIControl.CreateAlphaBackground()
   at VixenModules.Preview.VixenPreview.GDIControl.set_BackgroundAlpha(Int32 value)
   at VixenModules.Preview.VixenPreview.GDIPreviewForm.Reload()
   at VixenModules.Preview.VixenPreview.GDIPreviewForm.Setup()
   at VixenModules.Preview.VixenPreview.VixenPreviewModuleInstance.Setup()
   at Vixen.Sys.Output.OutputModuleConsumer`1.Setup()
   at VixenApplication.ConfigPreviews.ConfigureSelectedController()
   at VixenApplication.ConfigPreviews.buttonConfigureController_Click(Object sender, EventArgs e)
   at System.Windows.Forms.Control.OnClick(EventArgs e)
   at System.Windows.Forms.Button.OnClick(EventArgs e)
   at System.Windows.Forms.Button.OnMouseUp(MouseEventArgs mevent)
   at System.Windows.Forms.Control.WmMouseUp(Message& m, MouseButtons button, Int32 clicks)
   at System.Windows.Forms.Control.WndProc(Message& m)
   at System.Windows.Forms.ButtonBase.WndProc(Message& m)
   at System.Windows.Forms.Button.WndProc(Message& m)
   at System.Windows.Forms.Control.ControlNativeWindow.OnMessage(Message& m)
   at System.Windows.Forms.Control.ControlNativeWindow.WndProc(Message& m)
   at System.Windows.Forms.NativeWindow.Callback(IntPtr hWnd, Int32 msg, IntPtr wparam, IntPtr lparam)
12/10/2014 18:35:58 [VixenApplication.Program] An application error occurred. Please contact the Vixen Dev Team with the following information:

 System.NullReferenceException: Object reference not set to an instance of an object.
   at Kayak.DefaultKayakScheduler.Dispatch()
   at Kayak.DefaultKayakScheduler.Start()
   at System.Threading.ThreadHelper.ThreadStart_Context(Object state)
   at System.Threading.ExecutionContext.RunInternal(ExecutionContext executionContext, ContextCallback callback, Object state, Boolean preserveSyncCtx)
   at System.Threading.ExecutionContext.Run(ExecutionContext executionContext, ContextCallback callback, Object state, Boolean preserveSyncCtx)
   at System.Threading.ExecutionContext.Run(ExecutionContext executionContext, ContextCallback callback, Object state)
   at System.Threading.ThreadHelper.ThreadStart()    at Kayak.DefaultKayakScheduler.Dispatch()
   at Kayak.DefaultKayakScheduler.Start()
   at System.Threading.ThreadHelper.ThreadStart_Context(Object state)
   at System.Threading.ExecutionContext.RunInternal(ExecutionContext executionContext, ContextCallback callback, Object state, Boolean preserveSyncCtx)
   at System.Threading.ExecutionContext.Run(ExecutionContext executionContext, ContextCallback callback, Object state, Boolean preserveSyncCtx)
   at System.Threading.ExecutionContext.Run(ExecutionContext executionContext, ContextCallback callback, Object state)
   at System.Threading.ThreadHelper.ThreadStart()
12/11/2014 19:41:21 [VixenApplication.Program] An application error occurred. Please contact the Vixen Dev Team with the following information:

 System.ArgumentNullException: Value cannot be null.
   at System.Threading.Monitor.ReliableEnter(Object obj, Boolean& lockTaken)
   at BaseSequence.SequenceExecutor._loopPlay()
   at BaseSequence.SequenceExecutor.<_CheckForNaturalEnd>b__5(Object x)    at System.Threading.Monitor.ReliableEnter(Object obj, Boolean& lockTaken)
   at BaseSequence.SequenceExecutor._loopPlay()
   at BaseSequence.SequenceExecutor.<_CheckForNaturalEnd>b__5(Object x)
