12/08/2014 12:27:25 [Vixen.Sys.VixenSystem] Vixen System starting up... 
12/08/2014 12:27:43 [Vixen.Sys.State.Execution.OpeningState] Vixen execution engine entering the open state... 
12/08/2014 12:27:44 [Vixen.Sys.State.Execution.OpenState] Vixen execution engine entered the open state. 
12/08/2014 12:27:44 [Vixen.Sys.VixenSystem] Vixen System successfully started. 
12/08/2014 13:16:09 [Vixen.Sys.VixenSystem] Vixen System stopping... 
12/09/2014 19:33:44 [Vixen.Sys.VixenSystem] Vixen System starting up... 
12/09/2014 19:34:21 [Vixen.Sys.State.Execution.OpeningState] Vixen execution engine entering the open state... 
12/09/2014 19:34:22 [Vixen.Sys.State.Execution.OpenState] Vixen execution engine entered the open state. 
12/09/2014 19:34:22 [Vixen.Sys.VixenSystem] Vixen System successfully started. 
12/09/2014 19:41:49 [Vixen.Sys.VixenSystem] Vixen System stopping... 
12/09/2014 19:41:52 [Vixen.Sys.State.Execution.ClosingState] Vixen execution engine entering the closing state... 
12/09/2014 19:41:53 [Vixen.Sys.State.Execution.ClosedState] Vixen execution engine entered the closed state. 
12/09/2014 19:41:59 [Vixen.Sys.VixenSystem] Vixen System successfully stopped. 
12/09/2014 20:16:22 [Vixen.Sys.VixenSystem] Vixen System starting up... 
12/09/2014 20:16:26 [Vixen.Sys.State.Execution.OpeningState] Vixen execution engine entering the open state... 
12/09/2014 20:16:26 [Vixen.Sys.State.Execution.OpenState] Vixen execution engine entered the open state. 
12/09/2014 20:16:26 [Vixen.Sys.VixenSystem] Vixen System successfully started. 
12/09/2014 20:22:21 [Vixen.Sys.State.Execution.ClosingState] Vixen execution engine entering the closing state... 
12/09/2014 20:22:21 [Vixen.Sys.State.Execution.ClosedState] Vixen execution engine entered the closed state. 
12/09/2014 20:22:21 [Vixen.Sys.State.Execution.OpeningState] Vixen execution engine entering the open state... 
12/09/2014 20:22:21 [Vixen.Sys.State.Execution.OpenState] Vixen execution engine entered the open state. 
12/09/2014 20:22:32 [Vixen.Sys.State.Execution.ClosingState] Vixen execution engine entering the closing state... 
12/09/2014 20:22:32 [Vixen.Sys.State.Execution.ClosedState] Vixen execution engine entered the closed state. 
12/09/2014 20:22:32 [Vixen.Sys.State.Execution.OpeningState] Vixen execution engine entering the open state... 
12/09/2014 20:22:32 [Vixen.Sys.State.Execution.OpenState] Vixen execution engine entered the open state. 
12/09/2014 20:24:52 [Vixen.Sys.VixenSystem] Vixen System stopping... 
12/09/2014 20:24:53 [Vixen.Sys.State.Execution.ClosingState] Vixen execution engine entering the closing state... 
12/09/2014 20:24:53 [Vixen.Sys.State.Execution.ClosedState] Vixen execution engine entered the closed state. 
12/09/2014 20:24:53 [Vixen.Sys.VixenSystem] Vixen System successfully stopped. 
12/09/2014 21:18:41 [Vixen.Sys.VixenSystem] Vixen System starting up... 
12/09/2014 21:18:43 [Vixen.Sys.State.Execution.OpeningState] Vixen execution engine entering the open state... 
12/09/2014 21:18:43 [Vixen.Sys.State.Execution.OpenState] Vixen execution engine entered the open state. 
12/09/2014 21:18:43 [Vixen.Sys.VixenSystem] Vixen System successfully started. 
12/09/2014 21:18:58 [Vixen.Sys.State.Execution.ClosingState] Vixen execution engine entering the closing state... 
12/09/2014 21:18:58 [Vixen.Sys.State.Execution.ClosedState] Vixen execution engine entered the closed state. 
12/09/2014 21:18:59 [Vixen.Sys.State.Execution.OpeningState] Vixen execution engine entering the open state... 
12/09/2014 21:18:59 [Vixen.Sys.State.Execution.OpenState] Vixen execution engine entered the open state. 
12/09/2014 21:19:16 [Vixen.Sys.State.Execution.ClosingState] Vixen execution engine entering the closing state... 
12/09/2014 21:19:16 [Vixen.Sys.State.Execution.ClosedState] Vixen execution engine entered the closed state. 
12/09/2014 21:19:16 [Vixen.Sys.State.Execution.OpeningState] Vixen execution engine entering the open state... 
12/09/2014 21:19:16 [Vixen.Sys.State.Execution.OpenState] Vixen execution engine entered the open state. 
12/09/2014 21:20:01 [Vixen.Sys.VixenSystem] Vixen System starting up... 
12/09/2014 21:20:03 [Vixen.Sys.State.Execution.OpeningState] Vixen execution engine entering the open state... 
12/09/2014 21:20:03 [Vixen.Sys.State.Execution.OpenState] Vixen execution engine entered the open state. 
12/09/2014 21:20:03 [Vixen.Sys.VixenSystem] Vixen System successfully started. 
12/09/2014 21:36:51 [Vixen.Sys.State.Execution.ClosingState] Vixen execution engine entering the closing state... 
12/09/2014 21:36:51 [Vixen.Sys.State.Execution.ClosedState] Vixen execution engine entered the closed state. 
12/09/2014 21:36:52 [Vixen.Sys.State.Execution.OpeningState] Vixen execution engine entering the open state... 
12/09/2014 21:36:52 [Vixen.Sys.State.Execution.OpenState] Vixen execution engine entered the open state. 
12/09/2014 21:37:51 [Vixen.Sys.State.Execution.ClosingState] Vixen execution engine entering the closing state... 
12/09/2014 21:37:51 [Vixen.Sys.State.Execution.ClosedState] Vixen execution engine entered the closed state. 
12/09/2014 21:37:51 [Vixen.Sys.State.Execution.OpeningState] Vixen execution engine entering the open state... 
12/09/2014 21:37:51 [Vixen.Sys.State.Execution.OpenState] Vixen execution engine entered the open state. 
12/09/2014 21:37:58 [Vixen.Sys.State.Execution.ClosingState] Vixen execution engine entering the closing state... 
12/09/2014 21:37:58 [Vixen.Sys.State.Execution.ClosedState] Vixen execution engine entered the closed state. 
12/09/2014 21:37:58 [Vixen.Sys.State.Execution.OpeningState] Vixen execution engine entering the open state... 
12/09/2014 21:37:58 [Vixen.Sys.State.Execution.OpenState] Vixen execution engine entered the open state. 
12/09/2014 21:45:20 [Vixen.Sys.VixenSystem] Vixen System stopping... 
12/09/2014 21:45:20 [Vixen.Sys.State.Execution.ClosingState] Vixen execution engine entering the closing state... 
12/09/2014 21:45:20 [Vixen.Sys.State.Execution.ClosedState] Vixen execution engine entered the closed state. 
12/09/2014 21:45:20 [Vixen.Sys.VixenSystem] Vixen System successfully stopped. 
12/09/2014 21:47:19 [Vixen.Sys.VixenSystem] Vixen System starting up... 
12/09/2014 21:47:21 [Vixen.Sys.State.Execution.OpeningState] Vixen execution engine entering the open state... 
12/09/2014 21:47:21 [Vixen.Sys.State.Execution.OpenState] Vixen execution engine entered the open state. 
12/09/2014 21:47:21 [Vixen.Sys.VixenSystem] Vixen System successfully started. 
12/09/2014 21:54:43 [Vixen.Sys.State.Execution.ClosingState] Vixen execution engine entering the closing state... 
12/09/2014 21:54:43 [Vixen.Sys.State.Execution.ClosedState] Vixen execution engine entered the closed state. 
12/09/2014 21:54:43 [Vixen.Sys.State.Execution.OpeningState] Vixen execution engine entering the open state... 
12/09/2014 21:54:43 [Vixen.Sys.State.Execution.OpenState] Vixen execution engine entered the open state. 
12/09/2014 21:59:32 [Vixen.Sys.VixenSystem] Vixen System stopping... 
12/09/2014 21:59:32 [Vixen.Sys.State.Execution.ClosingState] Vixen execution engine entering the closing state... 
12/09/2014 21:59:32 [Vixen.Sys.State.Execution.ClosedState] Vixen execution engine entered the closed state. 
12/09/2014 21:59:32 [Vixen.Sys.VixenSystem] Vixen System successfully stopped. 
12/10/2014 09:08:17 [Vixen.Sys.VixenSystem] Vixen System starting up... 
12/10/2014 09:08:19 [Vixen.Sys.State.Execution.OpeningState] Vixen execution engine entering the open state... 
12/10/2014 09:08:20 [Vixen.Sys.State.Execution.OpenState] Vixen execution engine entered the open state. 
12/10/2014 09:08:20 [Vixen.Sys.VixenSystem] Vixen System successfully started. 
12/10/2014 09:11:48 [Vixen.Sys.VixenSystem] Vixen System stopping... 
12/10/2014 09:11:48 [Vixen.Sys.State.Execution.ClosingState] Vixen execution engine entering the closing state... 
12/10/2014 09:11:48 [Vixen.Sys.State.Execution.ClosedState] Vixen execution engine entered the closed state. 
12/10/2014 09:11:49 [Vixen.Sys.VixenSystem] Vixen System successfully stopped. 
12/10/2014 09:19:07 [Vixen.Sys.VixenSystem] Vixen System starting up... 
12/10/2014 09:19:09 [Vixen.Sys.State.Execution.OpeningState] Vixen execution engine entering the open state... 
12/10/2014 09:19:09 [Vixen.Sys.State.Execution.OpenState] Vixen execution engine entered the open state. 
12/10/2014 09:19:09 [Vixen.Sys.VixenSystem] Vixen System successfully started. 
12/10/2014 11:49:36 [Vixen.Sys.VixenSystem] Vixen System starting up... 
12/10/2014 11:49:38 [Vixen.Sys.State.Execution.OpeningState] Vixen execution engine entering the open state... 
12/10/2014 11:49:38 [Vixen.Sys.State.Execution.OpenState] Vixen execution engine entered the open state. 
12/10/2014 11:49:38 [Vixen.Sys.VixenSystem] Vixen System successfully started. 
12/10/2014 13:05:27 [Vixen.Sys.State.Execution.ClosingState] Vixen execution engine entering the closing state... 
12/10/2014 13:05:27 [Vixen.Sys.State.Execution.ClosedState] Vixen execution engine entered the closed state. 
12/10/2014 13:05:27 [Vixen.Sys.State.Execution.OpeningState] Vixen execution engine entering the open state... 
12/10/2014 13:05:27 [Vixen.Sys.State.Execution.OpenState] Vixen execution engine entered the open state. 
12/10/2014 14:07:43 [Vixen.Sys.VixenSystem] Vixen System stopping... 
12/10/2014 14:07:43 [Vixen.Sys.State.Execution.ClosingState] Vixen execution engine entering the closing state... 
12/10/2014 14:07:43 [Vixen.Sys.State.Execution.ClosedState] Vixen execution engine entered the closed state. 
12/10/2014 14:07:44 [Vixen.Sys.VixenSystem] Vixen System successfully stopped. 
12/10/2014 14:27:49 [Vixen.Sys.VixenSystem] Vixen System starting up... 
12/10/2014 14:27:56 [Vixen.Sys.State.Execution.OpeningState] Vixen execution engine entering the open state... 
12/10/2014 14:27:57 [Vixen.Sys.State.Execution.OpenState] Vixen execution engine entered the open state. 
12/10/2014 14:27:57 [Vixen.Sys.VixenSystem] Vixen System successfully started. 
12/10/2014 14:28:43 [Vixen.Sys.VixenSystem] Vixen System stopping... 
12/10/2014 14:28:43 [Vixen.Sys.State.Execution.ClosingState] Vixen execution engine entering the closing state... 
12/10/2014 14:28:43 [Vixen.Sys.State.Execution.ClosedState] Vixen execution engine entered the closed state. 
12/10/2014 14:28:43 [Vixen.Sys.VixenSystem] Vixen System successfully stopped. 
12/10/2014 14:43:04 [Vixen.Sys.VixenSystem] Vixen System starting up... 
12/10/2014 14:43:10 [Vixen.Sys.State.Execution.OpeningState] Vixen execution engine entering the open state... 
12/10/2014 14:43:10 [Vixen.Sys.State.Execution.OpenState] Vixen execution engine entered the open state. 
12/10/2014 14:43:10 [Vixen.Sys.VixenSystem] Vixen System successfully started. 
12/10/2014 15:37:04 [Vixen.Sys.VixenSystem] Vixen System stopping... 
12/10/2014 15:37:04 [Vixen.Sys.State.Execution.ClosingState] Vixen execution engine entering the closing state... 
12/10/2014 15:37:04 [Vixen.Sys.State.Execution.ClosedState] Vixen execution engine entered the closed state. 
12/10/2014 15:37:04 [Vixen.Sys.VixenSystem] Vixen System successfully stopped. 
12/10/2014 15:37:10 [Vixen.Sys.VixenSystem] Vixen System starting up... 
12/10/2014 15:37:12 [Vixen.Sys.State.Execution.OpeningState] Vixen execution engine entering the open state... 
12/10/2014 15:37:12 [Vixen.Sys.State.Execution.OpenState] Vixen execution engine entered the open state. 
12/10/2014 15:37:12 [Vixen.Sys.VixenSystem] Vixen System successfully started. 
12/10/2014 16:00:02 [Vixen.Sys.VixenSystem] Vixen System starting up... 
12/10/2014 16:00:04 [Vixen.Sys.State.Execution.OpeningState] Vixen execution engine entering the open state... 
12/10/2014 16:00:04 [Vixen.Sys.State.Execution.OpenState] Vixen execution engine entered the open state. 
12/10/2014 16:00:04 [Vixen.Sys.VixenSystem] Vixen System successfully started. 
12/10/2014 16:28:57 [Vixen.Sys.VixenSystem] Vixen System starting up... 
12/10/2014 16:28:59 [Vixen.Sys.State.Execution.OpeningState] Vixen execution engine entering the open state... 
12/10/2014 16:28:59 [Vixen.Sys.State.Execution.OpenState] Vixen execution engine entered the open state. 
12/10/2014 16:28:59 [Vixen.Sys.VixenSystem] Vixen System successfully started. 
12/10/2014 16:47:15 [Vixen.Sys.VixenSystem] Vixen System starting up... 
12/10/2014 16:47:21 [Vixen.Sys.State.Execution.OpeningState] Vixen execution engine entering the open state... 
12/10/2014 16:47:21 [Vixen.Sys.State.Execution.OpenState] Vixen execution engine entered the open state. 
12/10/2014 16:47:21 [Vixen.Sys.VixenSystem] Vixen System successfully started. 
12/10/2014 16:57:41 [VixenModules.App.WebServer.Actions.PlayController] Web - Prerendering effects for sequence: test 
12/10/2014 17:10:05 [Vixen.Sys.VixenSystem] Vixen System stopping... 
12/10/2014 17:10:05 [Vixen.Sys.State.Execution.ClosingState] Vixen execution engine entering the closing state... 
12/10/2014 17:10:05 [Vixen.Sys.State.Execution.ClosedState] Vixen execution engine entered the closed state. 
12/10/2014 17:10:05 [Vixen.Sys.VixenSystem] Vixen System successfully stopped. 
12/10/2014 17:10:11 [Vixen.Sys.VixenSystem] Vixen System starting up... 
12/10/2014 17:10:15 [Vixen.Sys.State.Execution.OpeningState] Vixen execution engine entering the open state... 
12/10/2014 17:10:15 [Vixen.Sys.State.Execution.OpenState] Vixen execution engine entered the open state. 
12/10/2014 17:10:15 [Vixen.Sys.VixenSystem] Vixen System successfully started. 
12/10/2014 17:11:17 [Vixen.Sys.VixenSystem] Vixen System stopping... 
12/10/2014 17:11:17 [Vixen.Sys.State.Execution.ClosingState] Vixen execution engine entering the closing state... 
12/10/2014 17:11:17 [Vixen.Sys.State.Execution.ClosedState] Vixen execution engine entered the closed state. 
12/10/2014 17:11:17 [Vixen.Sys.VixenSystem] Vixen System successfully stopped. 
12/10/2014 17:11:20 [Vixen.Sys.VixenSystem] Vixen System starting up... 
12/10/2014 17:11:24 [Vixen.Sys.State.Execution.OpeningState] Vixen execution engine entering the open state... 
12/10/2014 17:11:24 [Vixen.Sys.State.Execution.OpenState] Vixen execution engine entered the open state. 
12/10/2014 17:11:24 [Vixen.Sys.VixenSystem] Vixen System successfully started. 
12/10/2014 17:11:56 [VixenModules.App.WebServer.Actions.PlayController] Web - Prerendering effects for sequence: carol_of_bells 
12/10/2014 17:13:36 [VixenModules.App.WebServer.Actions.PlayController] Web - Prerendering effects for sequence: rockin_around_the_xmas_tree 
12/10/2014 17:16:19 [Vixen.Sys.VixenSystem] Vixen System starting up... 
12/10/2014 17:16:22 [Vixen.Sys.State.Execution.OpeningState] Vixen execution engine entering the open state... 
12/10/2014 17:16:22 [Vixen.Sys.State.Execution.OpenState] Vixen execution engine entered the open state. 
12/10/2014 17:16:22 [Vixen.Sys.VixenSystem] Vixen System successfully started. 
12/10/2014 17:26:32 [Vixen.Sys.VixenSystem] Vixen System stopping... 
12/10/2014 17:26:32 [Vixen.Sys.State.Execution.ClosingState] Vixen execution engine entering the closing state... 
12/10/2014 17:26:32 [Vixen.Sys.State.Execution.ClosedState] Vixen execution engine entered the closed state. 
12/10/2014 17:26:33 [Vixen.Sys.VixenSystem] Vixen System successfully stopped. 
12/10/2014 17:28:40 [Vixen.Sys.VixenSystem] Vixen System starting up... 
12/10/2014 17:28:43 [Vixen.Sys.State.Execution.OpeningState] Vixen execution engine entering the open state... 
12/10/2014 17:28:43 [Vixen.Sys.State.Execution.OpenState] Vixen execution engine entered the open state. 
12/10/2014 17:28:43 [Vixen.Sys.VixenSystem] Vixen System successfully started. 
12/10/2014 18:16:31 [VixenModules.App.WebServer.Actions.PlayController] Web - Prerendering effects for sequence: carol_of_bells 
12/10/2014 18:17:38 [VixenModules.App.WebServer.Actions.PlayController] Web - Prerendering effects for sequence: carol_of_bells 
12/10/2014 18:18:51 [Vixen.Sys.VixenSystem] Vixen System starting up... 
12/10/2014 18:18:55 [Vixen.Sys.State.Execution.OpeningState] Vixen execution engine entering the open state... 
12/10/2014 18:18:55 [Vixen.Sys.State.Execution.OpenState] Vixen execution engine entered the open state. 
12/10/2014 18:18:55 [Vixen.Sys.VixenSystem] Vixen System successfully started. 
12/10/2014 18:20:33 [VixenModules.App.WebServer.Actions.PlayController] Web - Prerendering effects for sequence: carol_of_bells 
12/10/2014 18:23:53 [VixenModules.App.WebServer.Actions.PlayController] Web - Prerendering effects for sequence: rockin_around_the_xmas_tree 
12/10/2014 18:35:43 [Vixen.Sys.VixenSystem] Vixen System stopping... 
12/10/2014 18:35:43 [Vixen.Sys.State.Execution.ClosingState] Vixen execution engine entering the closing state... 
12/10/2014 18:35:43 [Vixen.Sys.State.Execution.ClosedState] Vixen execution engine entered the closed state. 
12/10/2014 18:35:45 [Vixen.Sys.VixenSystem] Vixen System successfully stopped. 
12/10/2014 18:35:49 [Vixen.Sys.VixenSystem] Vixen System starting up... 
12/10/2014 18:35:53 [Vixen.Sys.State.Execution.OpeningState] Vixen execution engine entering the open state... 
12/10/2014 18:35:53 [Vixen.Sys.State.Execution.OpenState] Vixen execution engine entered the open state. 
12/10/2014 18:35:53 [Vixen.Sys.VixenSystem] Vixen System successfully started. 
12/10/2014 18:35:57 [VixenModules.App.WebServer.Actions.PlayController] Web - Prerendering effects for sequence: rockin_around_the_xmas_tree 
12/10/2014 18:36:06 [Vixen.Sys.VixenSystem] Vixen System starting up... 
12/10/2014 18:36:10 [Vixen.Sys.State.Execution.OpeningState] Vixen execution engine entering the open state... 
12/10/2014 18:36:10 [Vixen.Sys.State.Execution.OpenState] Vixen execution engine entered the open state. 
12/10/2014 18:36:10 [Vixen.Sys.VixenSystem] Vixen System successfully started. 
12/10/2014 18:36:34 [VixenModules.App.WebServer.Actions.PlayController] Web - Prerendering effects for sequence: rockin_around_the_xmas_tree 
12/10/2014 18:38:39 [VixenModules.App.WebServer.Actions.PlayController] Web - Prerendering effects for sequence: rockin_around_the_xmas_tree 
12/10/2014 18:42:48 [VixenModules.App.WebServer.Actions.PlayController] Web - Prerendering effects for sequence: carol_of_bells 
12/10/2014 18:46:21 [VixenModules.App.WebServer.Actions.PlayController] Web - Prerendering effects for sequence: rockin_around_the_xmas_tree 
12/11/2014 11:13:40 [Vixen.Sys.VixenSystem] Vixen System starting up... 
12/11/2014 11:13:43 [Vixen.Sys.State.Execution.OpeningState] Vixen execution engine entering the open state... 
12/11/2014 11:13:44 [Vixen.Sys.State.Execution.OpenState] Vixen execution engine entered the open state. 
12/11/2014 11:13:44 [Vixen.Sys.VixenSystem] Vixen System successfully started. 
12/11/2014 11:25:26 [Vixen.Sys.VixenSystem] Vixen System stopping... 
12/11/2014 11:25:26 [Vixen.Sys.State.Execution.ClosingState] Vixen execution engine entering the closing state... 
12/11/2014 11:25:26 [Vixen.Sys.State.Execution.ClosedState] Vixen execution engine entered the closed state. 
12/11/2014 11:25:27 [Vixen.Sys.VixenSystem] Vixen System successfully stopped. 
12/11/2014 14:42:28 [Vixen.Sys.VixenSystem] Vixen System starting up... 
12/11/2014 14:42:36 [Vixen.Sys.State.Execution.OpeningState] Vixen execution engine entering the open state... 
12/11/2014 14:42:37 [Vixen.Sys.State.Execution.OpenState] Vixen execution engine entered the open state. 
12/11/2014 14:42:37 [Vixen.Sys.VixenSystem] Vixen System successfully started. 
12/11/2014 16:42:34 [Scheduler] Schedule Enabled 
12/11/2014 16:46:00 [Scheduler] (Xmas Show) Show started 
12/11/2014 16:46:01 [Scheduler] (Xmas Show) Pre-processing: Run sequence: carol_of_bells.tim 
12/11/2014 16:46:01 [Scheduler] (Xmas Show) Pre-processing: Run sequence: rockin_around_the_xmas_tree.tim 
12/11/2014 16:46:01 [Scheduler] (Xmas Show) Pre-processing: Run sequence: test.tim 
12/11/2014 16:46:01 [Scheduler] ExecuteAction: Run sequence: test.tim 
12/11/2014 16:46:01 [Scheduler] ExecuteAction: State != StateType.Waiting 
12/11/2014 16:46:01 [Scheduler] (Xmas Show) Starting action: Run sequence: test.tim 
12/11/2014 16:47:02 [Scheduler] (Xmas Show) Startup action complete: Run sequence: test.tim 
12/11/2014 16:47:02 [Scheduler] ExecuteAction: Run sequence: carol_of_bells.tim 
12/11/2014 16:47:02 [Scheduler] ExecuteAction: State != StateType.Waiting 
12/11/2014 16:47:02 [Scheduler] (Xmas Show) Starting action: Run sequence: carol_of_bells.tim 
12/11/2014 16:47:12 [Scheduler] (Xmas Show) Stopping action: Run sequence: carol_of_bells.tim 
12/11/2014 16:47:12 [Scheduler] (Xmas Show) Show stopped immediately 
12/11/2014 16:47:12 [Scheduler] (Xmas Show) Startup action complete: Run sequence: carol_of_bells.tim 
12/11/2014 16:48:01 [Scheduler] (Xmas Show) Show started 
12/11/2014 16:48:01 [Scheduler] (Xmas Show) Pre-processing: Run sequence: test.tim 
12/11/2014 16:48:01 [Scheduler] (Xmas Show) Pre-processing: Run sequence: carol_of_bells.tim 
12/11/2014 16:48:02 [Scheduler] (Xmas Show) Pre-processing: Run sequence: rockin_around_the_xmas_tree.tim 
12/11/2014 16:48:02 [Scheduler] ExecuteAction: Run sequence: test.tim 
12/11/2014 16:48:02 [Scheduler] ExecuteAction: State != StateType.Waiting 
12/11/2014 16:48:02 [Scheduler] (Xmas Show) Starting action: Run sequence: test.tim 
12/11/2014 16:49:02 [Scheduler] (Xmas Show) Startup action complete: Run sequence: test.tim 
12/11/2014 16:49:02 [Scheduler] ExecuteAction: Run sequence: carol_of_bells.tim 
12/11/2014 16:49:02 [Scheduler] ExecuteAction: State != StateType.Waiting 
12/11/2014 16:49:02 [Scheduler] (Xmas Show) Starting action: Run sequence: carol_of_bells.tim 
12/11/2014 16:49:35 [Scheduler] (Xmas Show) Stopping action: Run sequence: carol_of_bells.tim 
12/11/2014 16:49:36 [Scheduler] (Xmas Show) Show stopped immediately 
12/11/2014 16:49:36 [Scheduler] (Xmas Show) Startup action complete: Run sequence: carol_of_bells.tim 
12/11/2014 16:49:49 [Scheduler] (Xmas Show) Show stopped immediately 
12/11/2014 16:49:49 [Scheduler] Schedule Disabled 
12/11/2014 16:50:56 [Vixen.Sys.VixenSystem] Vixen System stopping... 
12/11/2014 16:50:56 [Vixen.Sys.State.Execution.ClosingState] Vixen execution engine entering the closing state... 
12/11/2014 16:50:56 [Vixen.Sys.State.Execution.ClosedState] Vixen execution engine entered the closed state. 
12/11/2014 16:50:57 [Vixen.Sys.VixenSystem] Vixen System successfully stopped. 
12/11/2014 16:51:06 [Vixen.Sys.VixenSystem] Vixen System starting up... 
12/11/2014 16:51:10 [Vixen.Sys.State.Execution.OpeningState] Vixen execution engine entering the open state... 
12/11/2014 16:51:10 [Vixen.Sys.State.Execution.OpenState] Vixen execution engine entered the open state. 
12/11/2014 16:51:10 [Vixen.Sys.VixenSystem] Vixen System successfully started. 
12/11/2014 16:51:36 [VixenModules.App.WebServer.Actions.PlayController] Web - Prerendering effects for sequence: carol_of_bells 
12/11/2014 16:53:08 [VixenModules.App.WebServer.Actions.PlayController] Web - Prerendering effects for sequence: rockin_around_the_xmas_tree 
12/11/2014 16:55:29 [VixenModules.App.WebServer.Actions.PlayController] Web - Prerendering effects for sequence: test 
12/11/2014 16:59:43 [Vixen.Sys.VixenSystem] Vixen System starting up... 
12/11/2014 16:59:47 [Vixen.Sys.State.Execution.OpeningState] Vixen execution engine entering the open state... 
12/11/2014 16:59:48 [Vixen.Sys.State.Execution.OpenState] Vixen execution engine entered the open state. 
12/11/2014 16:59:48 [Vixen.Sys.VixenSystem] Vixen System successfully started. 
12/11/2014 17:33:39 [Vixen.Sys.VixenSystem] Vixen System stopping... 
12/11/2014 17:33:39 [Vixen.Sys.State.Execution.ClosingState] Vixen execution engine entering the closing state... 
12/11/2014 17:33:39 [Vixen.Sys.State.Execution.ClosedState] Vixen execution engine entered the closed state. 
12/11/2014 17:33:39 [Vixen.Sys.VixenSystem] Vixen System successfully stopped. 
12/11/2014 17:33:45 [Vixen.Sys.VixenSystem] Vixen System starting up... 
12/11/2014 17:33:49 [Vixen.Sys.State.Execution.OpeningState] Vixen execution engine entering the open state... 
12/11/2014 17:33:49 [Vixen.Sys.State.Execution.OpenState] Vixen execution engine entered the open state. 
12/11/2014 17:33:49 [Vixen.Sys.VixenSystem] Vixen System successfully started. 
12/11/2014 17:35:33 [VixenModules.App.WebServer.Actions.PlayController] Web - Prerendering effects for sequence: rockin_around_the_xmas_tree 
12/11/2014 17:37:49 [VixenModules.App.WebServer.Actions.PlayController] Web - Prerendering effects for sequence: carol_of_bells 
12/11/2014 17:39:18 [VixenModules.App.WebServer.Actions.PlayController] Web - Prerendering effects for sequence: rockin_around_the_xmas_tree 
12/11/2014 17:51:15 [VixenModules.App.WebServer.Actions.PlayController] Web - Prerendering effects for sequence: rockin_around_the_xmas_tree 
12/11/2014 17:54:10 [VixenModules.App.WebServer.Actions.PlayController] Web - Prerendering effects for sequence: carol_of_bells 
12/11/2014 18:01:04 [Vixen.Sys.VixenSystem] Vixen System stopping... 
12/11/2014 18:01:04 [Vixen.Sys.State.Execution.ClosingState] Vixen execution engine entering the closing state... 
12/11/2014 18:01:04 [Vixen.Sys.State.Execution.ClosedState] Vixen execution engine entered the closed state. 
12/11/2014 18:01:07 [Vixen.Sys.VixenSystem] Vixen System successfully stopped. 
12/11/2014 19:23:13 [Vixen.Sys.VixenSystem] Vixen System starting up... 
12/11/2014 19:23:38 [Vixen.Sys.State.Execution.OpeningState] Vixen execution engine entering the open state... 
12/11/2014 19:23:39 [Vixen.Sys.State.Execution.OpenState] Vixen execution engine entered the open state. 
12/11/2014 19:23:39 [Vixen.Sys.VixenSystem] Vixen System successfully started. 
12/11/2014 19:47:10 [Vixen.Sys.VixenSystem] Vixen System starting up... 
12/11/2014 19:48:09 [Vixen.Sys.State.Execution.OpeningState] Vixen execution engine entering the open state... 
12/11/2014 19:48:10 [Vixen.Sys.State.Execution.OpenState] Vixen execution engine entered the open state. 
12/11/2014 19:48:10 [Vixen.Sys.VixenSystem] Vixen System successfully started. 
12/11/2014 20:12:56 [VixenModules.App.WebServer.Actions.PlayController] Web - Prerendering effects for sequence: rockin_around_the_xmas_tree 
12/11/2014 20:17:47 [VixenModules.App.WebServer.Actions.PlayController] Web - Prerendering effects for sequence: carol_of_bells 
12/11/2014 20:19:23 [VixenModules.App.WebServer.Actions.PlayController] Web - Prerendering effects for sequence: rockin_around_the_xmas_tree 
12/11/2014 20:22:45 [VixenModules.App.WebServer.Actions.PlayController] Web - Prerendering effects for sequence: rockin_around_the_xmas_tree 
12/11/2014 20:25:02 [VixenModules.App.WebServer.Actions.PlayController] Web - Prerendering effects for sequence: carol_of_bells 
12/11/2014 20:27:21 [Vixen.Sys.VixenSystem] Vixen System stopping... 
12/11/2014 20:27:21 [Vixen.Sys.State.Execution.ClosingState] Vixen execution engine entering the closing state... 
12/11/2014 20:27:22 [Vixen.Sys.State.Execution.ClosedState] Vixen execution engine entered the closed state. 
12/11/2014 20:27:24 [Vixen.Sys.VixenSystem] Vixen System successfully stopped. 
12/12/2014 12:11:08 [Vixen.Sys.VixenSystem] Vixen System starting up... 
12/12/2014 12:11:51 [Vixen.Sys.State.Execution.OpeningState] Vixen execution engine entering the open state... 
12/12/2014 12:11:52 [Vixen.Sys.State.Execution.OpenState] Vixen execution engine entered the open state. 
12/12/2014 12:11:52 [Vixen.Sys.VixenSystem] Vixen System successfully started. 
12/12/2014 12:14:55 [Vixen.Sys.VixenSystem] Vixen System stopping... 
12/12/2014 12:14:55 [Vixen.Sys.State.Execution.ClosingState] Vixen execution engine entering the closing state... 
12/12/2014 12:14:55 [Vixen.Sys.State.Execution.ClosedState] Vixen execution engine entered the closed state. 
12/12/2014 12:14:56 [Vixen.Sys.VixenSystem] Vixen System successfully stopped. 
12/12/2014 12:19:57 [Vixen.Sys.VixenSystem] Vixen System starting up... 
12/12/2014 12:20:43 [Vixen.Sys.State.Execution.OpeningState] Vixen execution engine entering the open state... 
12/12/2014 12:20:46 [Vixen.Sys.State.Execution.OpenState] Vixen execution engine entered the open state. 
12/12/2014 12:20:46 [Vixen.Sys.VixenSystem] Vixen System successfully started. 
12/12/2014 12:43:23 [Vixen.Sys.VixenSystem] Vixen System stopping... 
12/12/2014 12:43:23 [Vixen.Sys.State.Execution.ClosingState] Vixen execution engine entering the closing state... 
12/12/2014 12:43:24 [Vixen.Sys.State.Execution.ClosedState] Vixen execution engine entered the closed state. 
12/12/2014 12:43:24 [Vixen.Sys.VixenSystem] Vixen System successfully stopped. 
12/12/2014 12:46:47 [Vixen.Sys.VixenSystem] Vixen System starting up... 
12/12/2014 12:46:52 [Vixen.Sys.State.Execution.OpeningState] Vixen execution engine entering the open state... 
12/12/2014 12:46:52 [Vixen.Sys.State.Execution.OpenState] Vixen execution engine entered the open state. 
12/12/2014 12:46:52 [Vixen.Sys.VixenSystem] Vixen System successfully started. 
12/12/2014 15:06:07 [Vixen.Sys.VixenSystem] Vixen System stopping... 
12/12/2014 15:06:07 [Vixen.Sys.State.Execution.ClosingState] Vixen execution engine entering the closing state... 
12/12/2014 15:06:07 [Vixen.Sys.State.Execution.ClosedState] Vixen execution engine entered the closed state. 
12/12/2014 15:06:08 [Vixen.Sys.VixenSystem] Vixen System successfully stopped. 
12/12/2014 15:06:13 [Vixen.Sys.VixenSystem] Vixen System starting up... 
12/12/2014 15:06:18 [Vixen.Sys.State.Execution.OpeningState] Vixen execution engine entering the open state... 
12/12/2014 15:06:19 [Vixen.Sys.State.Execution.OpenState] Vixen execution engine entered the open state. 
12/12/2014 15:06:19 [Vixen.Sys.VixenSystem] Vixen System successfully started. 
12/12/2014 16:53:01 [Vixen.Sys.VixenSystem] Vixen System stopping... 
12/12/2014 16:53:01 [Vixen.Sys.State.Execution.ClosingState] Vixen execution engine entering the closing state... 
12/12/2014 16:53:02 [Vixen.Sys.State.Execution.ClosedState] Vixen execution engine entered the closed state. 
12/12/2014 16:53:02 [Vixen.Sys.VixenSystem] Vixen System successfully stopped. 
12/12/2014 16:56:43 [Vixen.Sys.VixenSystem] Vixen System starting up... 
12/12/2014 16:57:54 [Vixen.Sys.State.Execution.OpeningState] Vixen execution engine entering the open state... 
12/12/2014 16:57:54 [Vixen.Sys.State.Execution.OpenState] Vixen execution engine entered the open state. 
12/12/2014 16:57:54 [Vixen.Sys.VixenSystem] Vixen System successfully started. 
12/12/2014 16:59:32 [Vixen.Sys.VixenSystem] Vixen System stopping... 
12/12/2014 16:59:32 [Vixen.Sys.State.Execution.ClosingState] Vixen execution engine entering the closing state... 
12/12/2014 16:59:32 [Vixen.Sys.State.Execution.ClosedState] Vixen execution engine entered the closed state. 
12/12/2014 16:59:33 [Vixen.Sys.VixenSystem] Vixen System successfully stopped. 
12/12/2014 16:59:38 [Vixen.Sys.VixenSystem] Vixen System starting up... 
12/12/2014 16:59:42 [Vixen.Sys.State.Execution.OpeningState] Vixen execution engine entering the open state... 
12/12/2014 16:59:42 [Vixen.Sys.State.Execution.OpenState] Vixen execution engine entered the open state. 
12/12/2014 16:59:42 [Vixen.Sys.VixenSystem] Vixen System successfully started. 
12/12/2014 17:00:33 [VixenModules.App.WebServer.Actions.PlayController] Web - Prerendering effects for sequence: rockin_around_the_xmas_tree 
12/12/2014 17:02:16 [VixenModules.App.WebServer.Actions.PlayController] Web - Prerendering effects for sequence: rockin_around_the_xmas_tree 
12/12/2014 17:04:31 [VixenModules.App.WebServer.Actions.PlayController] Web - Prerendering effects for sequence: wizards 
12/12/2014 22:38:05 [Vixen.Sys.VixenSystem] Vixen System stopping... 
12/12/2014 22:38:05 [Vixen.Sys.State.Execution.ClosingState] Vixen execution engine entering the closing state... 
12/12/2014 22:38:05 [Vixen.Sys.State.Execution.ClosedState] Vixen execution engine entered the closed state. 
12/12/2014 22:38:06 [Vixen.Sys.VixenSystem] Vixen System successfully stopped. 
12/13/2014 10:49:41 [Vixen.Sys.VixenSystem] Vixen System starting up... 
12/13/2014 10:49:56 [Vixen.Sys.State.Execution.OpeningState] Vixen execution engine entering the open state... 
12/13/2014 10:49:56 [Vixen.Sys.State.Execution.OpenState] Vixen execution engine entered the open state. 
12/13/2014 10:49:56 [Vixen.Sys.VixenSystem] Vixen System successfully started. 
12/13/2014 12:44:25 [Vixen.Sys.VixenSystem] Vixen System stopping... 
12/13/2014 12:44:25 [Vixen.Sys.State.Execution.ClosingState] Vixen execution engine entering the closing state... 
12/13/2014 12:44:25 [Vixen.Sys.State.Execution.ClosedState] Vixen execution engine entered the closed state. 
12/13/2014 12:44:25 [Vixen.Sys.VixenSystem] Vixen System successfully stopped. 
12/13/2014 13:06:47 [Vixen.Sys.VixenSystem] Vixen System starting up... 
12/13/2014 13:06:52 [Vixen.Sys.State.Execution.OpeningState] Vixen execution engine entering the open state... 
12/13/2014 13:06:53 [Vixen.Sys.State.Execution.OpenState] Vixen execution engine entered the open state. 
12/13/2014 13:06:53 [Vixen.Sys.VixenSystem] Vixen System successfully started. 
12/13/2014 13:55:19 [Vixen.Sys.VixenSystem] Vixen System stopping... 
12/13/2014 13:55:19 [Vixen.Sys.State.Execution.ClosingState] Vixen execution engine entering the closing state... 
12/13/2014 13:55:19 [Vixen.Sys.State.Execution.ClosedState] Vixen execution engine entered the closed state. 
12/13/2014 13:55:21 [Vixen.Sys.VixenSystem] Vixen System successfully stopped. 
12/13/2014 17:15:10 [Vixen.Sys.VixenSystem] Vixen System starting up... 
12/13/2014 17:15:23 [Vixen.Sys.State.Execution.OpeningState] Vixen execution engine entering the open state... 
12/13/2014 17:15:23 [Vixen.Sys.State.Execution.OpenState] Vixen execution engine entered the open state. 
12/13/2014 17:15:23 [Vixen.Sys.VixenSystem] Vixen System successfully started. 
12/13/2014 17:21:16 [Vixen.Sys.VixenSystem] Vixen System stopping... 
12/13/2014 17:21:16 [Vixen.Sys.State.Execution.ClosingState] Vixen execution engine entering the closing state... 
12/13/2014 17:21:17 [Vixen.Sys.State.Execution.ClosedState] Vixen execution engine entered the closed state. 
12/13/2014 17:21:17 [Vixen.Sys.VixenSystem] Vixen System successfully stopped. 
12/13/2014 17:21:21 [Vixen.Sys.VixenSystem] Vixen System starting up... 
12/13/2014 17:21:25 [Vixen.Sys.State.Execution.OpeningState] Vixen execution engine entering the open state... 
12/13/2014 17:21:25 [Vixen.Sys.State.Execution.OpenState] Vixen execution engine entered the open state. 
12/13/2014 17:21:25 [Vixen.Sys.VixenSystem] Vixen System successfully started. 
12/13/2014 17:21:53 [VixenModules.App.WebServer.Actions.PlayController] Web - Prerendering effects for sequence: carol_of_bells 
12/13/2014 17:23:36 [VixenModules.App.WebServer.Actions.PlayController] Web - Prerendering effects for sequence: rockin_around_the_xmas_tree 
12/13/2014 17:25:47 [VixenModules.App.WebServer.Actions.PlayController] Web - Prerendering effects for sequence: wizards 
12/13/2014 17:29:27 [VixenModules.App.WebServer.Actions.PlayController] Web - Prerendering effects for sequence: rockin_around_the_xmas_tree 
12/13/2014 17:31:33 [VixenModules.App.WebServer.Actions.PlayController] Web - Prerendering effects for sequence: wizards 
12/13/2014 17:35:12 [VixenModules.App.WebServer.Actions.PlayController] Web - Prerendering effects for sequence: carol_of_bells 
12/13/2014 17:51:50 [VixenModules.App.WebServer.Actions.PlayController] Web - Prerendering effects for sequence: wizards 
12/13/2014 18:59:59 [VixenModules.App.WebServer.Actions.PlayController] Web - Prerendering effects for sequence: carol_of_bells 
12/13/2014 19:01:32 [VixenModules.App.WebServer.Actions.PlayController] Web - Prerendering effects for sequence: rockin_around_the_xmas_tree 
12/13/2014 19:03:42 [VixenModules.App.WebServer.Actions.PlayController] Web - Prerendering effects for sequence: wizards 
12/13/2014 19:07:22 [VixenModules.App.WebServer.Actions.PlayController] Web - Prerendering effects for sequence: rockin_around_the_xmas_tree 
12/13/2014 19:09:34 [VixenModules.App.WebServer.Actions.PlayController] Web - Prerendering effects for sequence: wizards 
12/13/2014 19:12:53 [VixenModules.App.WebServer.Actions.PlayController] Web - Prerendering effects for sequence: carol_of_bells 
12/13/2014 19:14:23 [VixenModules.App.WebServer.Actions.PlayController] Web - Prerendering effects for sequence: rockin_around_the_xmas_tree 
12/13/2014 19:16:41 [VixenModules.App.WebServer.Actions.PlayController] Web - Prerendering effects for sequence: wizards 
12/13/2014 19:53:06 [VixenModules.App.WebServer.Actions.PlayController] Web - Prerendering effects for sequence: carol_of_bells 
12/13/2014 20:20:25 [VixenModules.App.WebServer.Actions.PlayController] Web - Prerendering effects for sequence: carol_of_bells 
12/13/2014 20:30:32 [VixenModules.App.WebServer.Actions.PlayController] Web - Prerendering effects for sequence: carol_of_bells 
12/13/2014 20:36:33 [VixenModules.App.WebServer.Actions.PlayController] Web - Prerendering effects for sequence: carol_of_bells 
12/13/2014 20:38:07 [VixenModules.App.WebServer.Actions.PlayController] Web - Prerendering effects for sequence: rockin_around_the_xmas_tree 
12/13/2014 20:40:18 [VixenModules.App.WebServer.Actions.PlayController] Web - Prerendering effects for sequence: wizards 
12/13/2014 20:43:46 [VixenModules.App.WebServer.Actions.PlayController] Web - Prerendering effects for sequence: rockin_around_the_xmas_tree 
12/13/2014 20:48:02 [VixenModules.App.WebServer.Actions.PlayController] Web - Prerendering effects for sequence: rockin_around_the_xmas_tree 
12/13/2014 21:02:22 [VixenModules.App.WebServer.Actions.PlayController] Web - Prerendering effects for sequence: carol_of_bells 
12/13/2014 21:03:55 [VixenModules.App.WebServer.Actions.PlayController] Web - Prerendering effects for sequence: rockin_around_the_xmas_tree 
12/13/2014 21:06:05 [VixenModules.App.WebServer.Actions.PlayController] Web - Prerendering effects for sequence: wizards 
12/13/2014 22:06:16 [VixenModules.App.WebServer.Actions.PlayController] Web - Prerendering effects for sequence: carol_of_bells 
12/13/2014 22:07:49 [VixenModules.App.WebServer.Actions.PlayController] Web - Prerendering effects for sequence: rockin_around_the_xmas_tree 
12/13/2014 22:10:04 [VixenModules.App.WebServer.Actions.PlayController] Web - Prerendering effects for sequence: wizards 
12/13/2014 22:15:58 [VixenModules.App.WebServer.Actions.PlayController] Web - Prerendering effects for sequence: test 
12/14/2014 13:38:47 [Vixen.Sys.VixenSystem] Vixen System stopping... 
12/14/2014 13:38:48 [Vixen.Sys.State.Execution.ClosingState] Vixen execution engine entering the closing state... 
12/14/2014 13:38:48 [Vixen.Sys.State.Execution.ClosedState] Vixen execution engine entered the closed state. 
12/14/2014 13:38:50 [Vixen.Sys.VixenSystem] Vixen System successfully stopped. 
12/14/2014 17:15:47 [Vixen.Sys.VixenSystem] Vixen System starting up... 
12/14/2014 17:15:57 [Vixen.Sys.State.Execution.OpeningState] Vixen execution engine entering the open state... 
12/14/2014 17:15:57 [Vixen.Sys.State.Execution.OpenState] Vixen execution engine entered the open state. 
12/14/2014 17:15:57 [Vixen.Sys.VixenSystem] Vixen System successfully started. 
12/14/2014 17:19:39 [Scheduler] Schedule Enabled 
