12/11/2014 16:42:34 [Scheduler] Schedule Enabled 
12/11/2014 16:46:00 [Scheduler] (Xmas Show) Show started 
12/11/2014 16:46:01 [Scheduler] (Xmas Show) Pre-processing: Run sequence: carol_of_bells.tim 
12/11/2014 16:46:01 [Scheduler] (Xmas Show) Pre-processing: Run sequence: rockin_around_the_xmas_tree.tim 
12/11/2014 16:46:01 [Scheduler] (Xmas Show) Pre-processing: Run sequence: test.tim 
12/11/2014 16:46:01 [Scheduler] ExecuteAction: Run sequence: test.tim 
12/11/2014 16:46:01 [Scheduler] ExecuteAction: State != StateType.Waiting 
12/11/2014 16:46:01 [Scheduler] (Xmas Show) Starting action: Run sequence: test.tim 
12/11/2014 16:47:02 [Scheduler] (Xmas Show) Startup action complete: Run sequence: test.tim 
12/11/2014 16:47:02 [Scheduler] ExecuteAction: Run sequence: carol_of_bells.tim 
12/11/2014 16:47:02 [Scheduler] ExecuteAction: State != StateType.Waiting 
12/11/2014 16:47:02 [Scheduler] (Xmas Show) Starting action: Run sequence: carol_of_bells.tim 
12/11/2014 16:47:12 [Scheduler] (Xmas Show) Stopping action: Run sequence: carol_of_bells.tim 
12/11/2014 16:47:12 [Scheduler] (Xmas Show) Show stopped immediately 
12/11/2014 16:48:01 [Scheduler] (Xmas Show) Show started 
12/11/2014 16:48:01 [Scheduler] (Xmas Show) Pre-processing: Run sequence: test.tim 
12/11/2014 16:48:01 [Scheduler] (Xmas Show) Pre-processing: Run sequence: carol_of_bells.tim 
12/11/2014 16:48:02 [Scheduler] (Xmas Show) Pre-processing: Run sequence: rockin_around_the_xmas_tree.tim 
12/11/2014 16:48:02 [Scheduler] ExecuteAction: Run sequence: test.tim 
12/11/2014 16:48:02 [Scheduler] ExecuteAction: State != StateType.Waiting 
12/11/2014 16:48:02 [Scheduler] (Xmas Show) Starting action: Run sequence: test.tim 
12/11/2014 16:49:02 [Scheduler] (Xmas Show) Startup action complete: Run sequence: test.tim 
12/11/2014 16:49:02 [Scheduler] ExecuteAction: Run sequence: carol_of_bells.tim 
12/11/2014 16:49:02 [Scheduler] ExecuteAction: State != StateType.Waiting 
12/11/2014 16:49:02 [Scheduler] (Xmas Show) Starting action: Run sequence: carol_of_bells.tim 
12/11/2014 16:49:35 [Scheduler] (Xmas Show) Stopping action: Run sequence: carol_of_bells.tim 
12/11/2014 16:49:36 [Scheduler] (Xmas Show) Show stopped immediately 
12/11/2014 16:49:36 [Scheduler] (Xmas Show) Startup action complete: Run sequence: carol_of_bells.tim 
12/11/2014 16:49:49 [Scheduler] (Xmas Show) Show stopped immediately 
12/11/2014 16:49:49 [Scheduler] Schedule Disabled 
12/14/2014 17:19:39 [Scheduler] Schedule Enabled 
