12/08/2014 12:28:26 [VixenModules.Editor.TimedSequenceEditor.TimedSequenceEditorForm] Audio file not found on the path:

 C:\Users\Pat\Music\Trans-Siberian Orchestra - Wizards In Winter .mp3

Please Check your settings/path. 
12/09/2014 20:16:53 [VixenModules.Editor.TimedSequenceEditor.TimedSequenceEditorForm] Audio file not found on the path:

 C:\Users\Pat\Music\Trans-Siberian Orchestra - Wizards In Winter .mp3

Please Check your settings/path. 
12/09/2014 20:20:27 [VixenModules.Editor.TimedSequenceEditor.TimedSequenceEditorForm] Audio file not found on the path:

 C:\Users\Pat\Music\Trans-Siberian Orchestra - Wizards In Winter .mp3

Please Check your settings/path. 
12/09/2014 21:19:29 [VixenModules.Preview.VixenPreview.GDIPreviewForm] VixenPreviewDisplay_Resize: Data is null. abandoning resize. (Thread ID: 9) 
12/09/2014 21:19:51 [VixenModules.Preview.VixenPreview.VixenPreviewSetup3] VixenPreviewSetup3: access of null Data. (Thread ID: 1) 
12/09/2014 21:19:51 [VixenModules.Preview.VixenPreview.VixenPreviewSetup3] VixenPreviewSetup3_Resize: Data is null. abandoning resize. (Thread ID: 1) 
12/09/2014 21:38:23 [VixenModules.Editor.TimedSequenceEditor.TimedSequenceEditorForm] Audio file not found on the path:

 C:\Users\Pat\Music\John Williams - Home Alone - 12 - Carol Of The Bells_plus_10_dB.wav

Please Check your settings/path. 
12/10/2014 14:01:55 [VixenModules.Editor.TimedSequenceEditor.TimedSequenceEditorForm] Audio file not found on the path:

 C:\Users\Pat\Music\Trans-Siberian Orchestra - Wizards In Winter .mp3

Please Check your settings/path. 
12/10/2014 14:04:26 [VixenModules.Editor.TimedSequenceEditor.TimedSequenceEditorForm] Audio file not found on the path:

 C:\Users\Pat\Music\John Williams - Home Alone - 12 - Carol Of The Bells_plus_10_dB.wav

Please Check your settings/path. 
12/10/2014 16:42:50 [VixenModules.Preview.VixenPreview.GDIPreviewForm] VixenPreviewDisplay_Resize: Data is null. abandoning resize. (Thread ID: 7) 
12/10/2014 16:42:55 [VixenModules.Preview.VixenPreview.VixenPreviewSetup3] VixenPreviewSetup3: access of null Data. (Thread ID: 1) 
12/10/2014 16:42:55 [VixenModules.Preview.VixenPreview.VixenPreviewSetup3] VixenPreviewSetup3_Resize: Data is null. abandoning resize. (Thread ID: 1) 
12/10/2014 16:45:35 [VixenModules.Preview.VixenPreview.VixenPreviewSetup3] VixenPreviewSetup3: access of null Data. (Thread ID: 1) 
12/10/2014 16:45:35 [VixenModules.Preview.VixenPreview.VixenPreviewSetup3] VixenPreviewSetup3_Resize: Data is null. abandoning resize. (Thread ID: 1) 
12/10/2014 16:47:21 [VixenModules.Preview.VixenPreview.GDIPreviewForm] VixenPreviewDisplay_Resize: Data is null. abandoning resize. (Thread ID: 10) 
12/10/2014 16:47:45 [VixenModules.Preview.VixenPreview.VixenPreviewSetup3] VixenPreviewSetup3: access of null Data. (Thread ID: 1) 
12/10/2014 16:47:45 [VixenModules.Preview.VixenPreview.VixenPreviewSetup3] VixenPreviewSetup3_Resize: Data is null. abandoning resize. (Thread ID: 1) 
12/10/2014 16:48:09 [VixenModules.Preview.VixenPreview.GDIPreviewForm] VixenPreviewDisplay_Resize: Data is null. abandoning resize. (Thread ID: 16) 
12/10/2014 16:48:11 [VixenModules.Preview.VixenPreview.VixenPreviewSetup3] VixenPreviewSetup3: access of null Data. (Thread ID: 1) 
12/10/2014 16:48:11 [VixenModules.Preview.VixenPreview.VixenPreviewSetup3] VixenPreviewSetup3_Resize: Data is null. abandoning resize. (Thread ID: 1) 
12/10/2014 16:48:58 [VixenModules.Preview.VixenPreview.VixenPreviewSetup3] VixenPreviewSetup3: access of null Data. (Thread ID: 1) 
12/10/2014 16:48:58 [VixenModules.Preview.VixenPreview.VixenPreviewSetup3] VixenPreviewSetup3_Resize: Data is null. abandoning resize. (Thread ID: 1) 
12/10/2014 17:10:15 [VixenModules.Preview.VixenPreview.GDIPreviewForm] VixenPreviewDisplay_Resize: Data is null. abandoning resize. (Thread ID: 9) 
12/10/2014 17:14:24 [VixenModules.Editor.TimedSequenceEditor.TimedSequenceEditorForm] Audio file not found on the path:

 C:\Users\Pat\Music\10. Brenda Lee - Rockin' Around The Christmas Tree.mp3

Please Check your settings/path. 
12/10/2014 17:26:22 [VixenModules.Preview.VixenPreview.GDIPreviewForm] VixenPreviewDisplay_Resize: Data is null. abandoning resize. (Thread ID: 16) 
12/10/2014 17:29:02 [VixenModules.Preview.VixenPreview.GDIPreviewForm] VixenPreviewDisplay_Resize: Data is null. abandoning resize. (Thread ID: 5) 
12/10/2014 17:29:04 [VixenModules.Preview.VixenPreview.VixenPreviewSetup3] VixenPreviewSetup3: access of null Data. (Thread ID: 1) 
12/10/2014 17:29:04 [VixenModules.Preview.VixenPreview.VixenPreviewSetup3] VixenPreviewSetup3_Resize: Data is null. abandoning resize. (Thread ID: 1) 
12/10/2014 17:44:06 [VixenModules.Preview.VixenPreview.GDIPreviewForm] VixenPreviewDisplay_Resize: Data is null. abandoning resize. (Thread ID: 19) 
12/10/2014 17:44:42 [VixenModules.Preview.VixenPreview.VixenPreviewSetup3] VixenPreviewSetup3: access of null Data. (Thread ID: 1) 
12/10/2014 17:44:42 [VixenModules.Preview.VixenPreview.VixenPreviewSetup3] VixenPreviewSetup3_Resize: Data is null. abandoning resize. (Thread ID: 1) 
